#
# There is insufficient memory for the Java Runtime Environment to continue.
# Native memory allocation (mmap) failed to map 266338304 bytes for G1 virtual space
# Possible reasons:
#   The system is out of physical RAM or swap space
#   The process is running with CompressedOops enabled, and the Java Heap may be blocking the growth of the native heap
# Possible solutions:
#   Reduce memory load on the system
#   Increase physical memory or swap space
#   Check if swap backing store is full
#   Decrease Java heap size (-Xmx/-Xms)
#   Decrease number of Java threads
#   Decrease Java thread stack sizes (-Xss)
#   Set larger code cache with -XX:ReservedCodeCacheSize=
#   JVM is running with Zero Based Compressed Oops mode in which the Java heap is
#     placed in the first 32GB address space. The Java Heap base address is the
#     maximum limit for the native heap growth. Please use -XX:HeapBaseMinAddress
#     to set the Java Heap base and to place the Java Heap above 32GB virtual address.
# This output file may be truncated or incomplete.
#
#  Out of Memory Error (os_windows.cpp:3536), pid=11468, tid=15072
#
# JRE version:  (19.0.2+7) (build )
# Java VM: Java HotSpot(TM) 64-Bit Server VM (19.0.2+7-44, mixed mode, sharing, tiered, compressed oops, compressed class ptrs, g1 gc, windows-amd64)
# No core dump will be written. Minidumps are not enabled by default on client versions of Windows
#

---------------  S U M M A R Y ------------

Command Line: -javaagent:D:\Program Files\JetBrains\IntelliJ IDEA 2023.2.2\lib\idea_rt.jar=60745:D:\Program Files\JetBrains\IntelliJ IDEA 2023.2.2\bin -Dfile.encoding=UTF-8 -Dsun.stdout.encoding=UTF-8 -Dsun.stderr.encoding=UTF-8 com.leejie.springBean.BeanPostProcessorImpl

Host: 11th Gen Intel(R) Core(TM) i5-11400 @ 2.60GHz, 12 cores, 15G,  Windows 10 , 64 bit Build 19041 (10.0.19041.3636)
Time: Fri May 24 10:15:48 2024  Windows 10 , 64 bit Build 19041 (10.0.19041.3636) elapsed time: 0.014243 seconds (0d 0h 0m 0s)

---------------  T H R E A D  ---------------

Current thread (0x00000173b836ed10):  JavaThread "Unknown thread" [_thread_in_vm, id=15072, stack(0x0000006af3c00000,0x0000006af3d00000)]

Stack: [0x0000006af3c00000,0x0000006af3d00000]
Native frames: (J=compiled Java code, j=interpreted, Vv=VM code, C=native code)
V  [jvm.dll+0x6ee21a]
V  [jvm.dll+0x85765e]
V  [jvm.dll+0x85904e]
V  [jvm.dll+0x859703]
V  [jvm.dll+0x28298f]
V  [jvm.dll+0x6eb009]
V  [jvm.dll+0x6dfbaa]
V  [jvm.dll+0x3573f6]
V  [jvm.dll+0x35ee56]
V  [jvm.dll+0x3b541e]
V  [jvm.dll+0x3b564f]
V  [jvm.dll+0x32c9ea]
V  [jvm.dll+0x32d89e]
V  [jvm.dll+0x821780]
V  [jvm.dll+0x3c2661]
V  [jvm.dll+0x801f51]
V  [jvm.dll+0x44ae8f]
V  [jvm.dll+0x44c811]
C  [jli.dll+0x5287]
C  [ucrtbase.dll+0x21bb2]
C  [KERNEL32.DLL+0x17344]
C  [ntdll.dll+0x526b1]


---------------  P R O C E S S  ---------------

Threads class SMR info:
_java_thread_list=0x00007ffa3712d048, length=0, elements={
}

Java Threads: ( => current thread )

Other Threads:
  0x00000173b83e55b0 WorkerThread "GC Thread#0" [stack: 0x0000006af3d00000,0x0000006af3e00000] [id=26416]
  0x00000173b83f63f0 ConcurrentGCThread "G1 Main Marker" [stack: 0x0000006af3e00000,0x0000006af3f00000] [id=19924]
  0x00000173b83f6e20 WorkerThread "G1 Conc#0" [stack: 0x0000006af3f00000,0x0000006af4000000] [id=24608]

[error occurred during error reporting (printing all threads), id 0xc0000005, EXCEPTION_ACCESS_VIOLATION (0xc0000005) at pc=0x00007ffa368ed427]

VM state: not at safepoint (not fully initialized)

VM Mutex/Monitor currently owned by a thread:  ([mutex/lock_event])
[0x00000173b8369ca0] Heap_lock - owner thread: 0x00000173b836ed10

Heap address: 0x0000000702c00000, size: 4052 MB, Compressed Oops mode: Zero based, Oop shift amount: 3

CDS archive(s) mapped at: [0x0000000000000000-0x0000000000000000-0x0000000000000000), size 0, SharedBaseAddress: 0x0000000800000000, ArchiveRelocationMode: 0.
Narrow klass base: 0x0000000000000000, Narrow klass shift: 0, Narrow klass range: 0x0

GC Precious Log:
 CardTable entry size: 512
 Card Set container configuration: InlinePtr #cards 4 size 8 Array Of Cards #cards 16 size 48 Howl #buckets 8 coarsen threshold 3686 Howl Bitmap #cards 512 size 80 coarsen threshold 460 Card regions per heap region 1 cards per card region 4096

Heap:
 garbage-first heap   total 0K, used 0K [0x0000000702c00000, 0x0000000800000000)
  region size 2048K, 0 young (0K), 0 survivors (0K)

[error occurred during error reporting (printing heap information), id 0xc0000005, EXCEPTION_ACCESS_VIOLATION (0xc0000005) at pc=0x00007ffa36cf6649]

GC Heap History (0 events):
No events

Dll operation events (1 events):
Event: 0.009 Loaded shared library C:\Program Files\Java\jdk-19\bin\java.dll

Deoptimization events (0 events):
No events

Classes loaded (0 events):
No events

Classes unloaded (0 events):
No events

Classes redefined (0 events):
No events

Internal exceptions (0 events):
No events

VM Operations (0 events):
No events

Events (0 events):
No events


Dynamic libraries:
0x00007ff7b23f0000 - 0x00007ff7b2400000 	C:\Program Files\Java\jdk-19\bin\java.exe
0x00007ffa6d410000 - 0x00007ffa6d608000 	C:\WINDOWS\SYSTEM32\ntdll.dll
0x00007ffa6b790000 - 0x00007ffa6b84d000 	C:\WINDOWS\System32\KERNEL32.DLL
0x00007ffa6b0b0000 - 0x00007ffa6b3a6000 	C:\WINDOWS\System32\KERNELBASE.dll
0x00007ffa6af10000 - 0x00007ffa6b010000 	C:\WINDOWS\System32\ucrtbase.dll
0x00007ffa65b30000 - 0x00007ffa65b48000 	C:\Program Files\Java\jdk-19\bin\jli.dll
0x00007ffa67b50000 - 0x00007ffa67b6b000 	C:\Program Files\Java\jdk-19\bin\VCRUNTIME140.dll
0x00007ffa6b6b0000 - 0x00007ffa6b760000 	C:\WINDOWS\System32\ADVAPI32.dll
0x00007ffa6b850000 - 0x00007ffa6b8ee000 	C:\WINDOWS\System32\msvcrt.dll
0x00007ffa6be80000 - 0x00007ffa6bf20000 	C:\WINDOWS\System32\sechost.dll
0x00007ffa6d210000 - 0x00007ffa6d333000 	C:\WINDOWS\System32\RPCRT4.dll
0x00007ffa6b010000 - 0x00007ffa6b037000 	C:\WINDOWS\System32\bcrypt.dll
0x00007ffa6bce0000 - 0x00007ffa6be7f000 	C:\WINDOWS\System32\USER32.dll
0x00007ffa6acd0000 - 0x00007ffa6acf2000 	C:\WINDOWS\System32\win32u.dll
0x00007ffa579d0000 - 0x00007ffa57c6a000 	C:\WINDOWS\WinSxS\amd64_microsoft.windows.common-controls_6595b64144ccf1df_6.0.19041.4355_none_60b8b9eb71f62e16\COMCTL32.dll
0x00007ffa6b760000 - 0x00007ffa6b78b000 	C:\WINDOWS\System32\GDI32.dll
0x00007ffa6abb0000 - 0x00007ffa6acc7000 	C:\WINDOWS\System32\gdi32full.dll
0x00007ffa6aac0000 - 0x00007ffa6ab5d000 	C:\WINDOWS\System32\msvcp_win.dll
0x00007ffa67ad0000 - 0x00007ffa67ada000 	C:\WINDOWS\SYSTEM32\VERSION.dll
0x00007ffa6b670000 - 0x00007ffa6b6a2000 	C:\WINDOWS\System32\IMM32.DLL
0x00007ffa66f90000 - 0x00007ffa66f9c000 	C:\Program Files\Java\jdk-19\bin\vcruntime140_1.dll
0x00007ffa52350000 - 0x00007ffa523de000 	C:\Program Files\Java\jdk-19\bin\msvcp140.dll
0x00007ffa365b0000 - 0x00007ffa37270000 	C:\Program Files\Java\jdk-19\bin\server\jvm.dll
0x00007ffa608b0000 - 0x00007ffa608d7000 	C:\WINDOWS\SYSTEM32\WINMM.dll
0x00007ffa57c70000 - 0x00007ffa57c79000 	C:\WINDOWS\SYSTEM32\WSOCK32.dll
0x00007ffa6c7c0000 - 0x00007ffa6c82b000 	C:\WINDOWS\System32\WS2_32.dll
0x00007ffa692f0000 - 0x00007ffa69302000 	C:\WINDOWS\SYSTEM32\kernel.appcore.dll
0x00007ffa66f40000 - 0x00007ffa66f4a000 	C:\Program Files\Java\jdk-19\bin\jimage.dll
0x00007ffa686a0000 - 0x00007ffa68884000 	C:\WINDOWS\SYSTEM32\DBGHELP.DLL
0x00007ffa4b3e0000 - 0x00007ffa4b414000 	C:\WINDOWS\SYSTEM32\dbgcore.DLL
0x00007ffa6b3b0000 - 0x00007ffa6b432000 	C:\WINDOWS\System32\bcryptPrimitives.dll
0x00007ffa5b800000 - 0x00007ffa5b80e000 	C:\Program Files\Java\jdk-19\bin\instrument.dll
0x00007ffa60770000 - 0x00007ffa60796000 	C:\Program Files\Java\jdk-19\bin\java.dll

dbghelp: loaded successfully - version: 4.0.5 - missing functions: none
symbol engine: initialized successfully - sym options: 0x614 - pdb path: .;C:\Program Files\Java\jdk-19\bin;C:\WINDOWS\SYSTEM32;C:\WINDOWS\WinSxS\amd64_microsoft.windows.common-controls_6595b64144ccf1df_6.0.19041.4355_none_60b8b9eb71f62e16;C:\Program Files\Java\jdk-19\bin\server

VM Arguments:
jvm_args: -javaagent:D:\Program Files\JetBrains\IntelliJ IDEA 2023.2.2\lib\idea_rt.jar=60745:D:\Program Files\JetBrains\IntelliJ IDEA 2023.2.2\bin -Dfile.encoding=UTF-8 -Dsun.stdout.encoding=UTF-8 -Dsun.stderr.encoding=UTF-8 
java_command: com.leejie.springBean.BeanPostProcessorImpl
java_class_path (initial): D:\Program Files (x86)\面试准备\新建文件夹\springs\target\classes;D:\Program Files\maven\repository\org\springframework\boot\spring-boot-starter-web\3.2.5\spring-boot-starter-web-3.2.5.jar;D:\Program Files\maven\repository\org\springframework\boot\spring-boot-starter\3.2.5\spring-boot-starter-3.2.5.jar;D:\Program Files\maven\repository\org\springframework\boot\spring-boot\3.2.5\spring-boot-3.2.5.jar;D:\Program Files\maven\repository\org\springframework\boot\spring-boot-starter-logging\3.2.5\spring-boot-starter-logging-3.2.5.jar;D:\Program Files\maven\repository\ch\qos\logback\logback-classic\1.4.14\logback-classic-1.4.14.jar;D:\Program Files\maven\repository\ch\qos\logback\logback-core\1.4.14\logback-core-1.4.14.jar;D:\Program Files\maven\repository\org\apache\logging\log4j\log4j-to-slf4j\2.21.1\log4j-to-slf4j-2.21.1.jar;D:\Program Files\maven\repository\org\apache\logging\log4j\log4j-api\2.21.1\log4j-api-2.21.1.jar;D:\Program Files\maven\repository\org\slf4j\jul-to-slf4j\2.0.13\jul-to-slf4j-2.0.13.jar;D:\Program Files\maven\repository\jakarta\annotation\jakarta.annotation-api\2.1.1\jakarta.annotation-api-2.1.1.jar;D:\Program Files\maven\repository\org\yaml\snakeyaml\2.2\snakeyaml-2.2.jar;D:\Program Files\maven\repository\org\springframework\boot\spring-boot-starter-json\3.2.5\spring-boot-starter-json-3.2.5.jar;D:\Program Files\maven\repository\com\fasterxml\jackson\core\jackson-databind\2.15.4\jackson-databind-2.15.4.jar;D:\Program Files\maven\repository\com\fasterxml\jackson\core\jackson-annotations\2.15.4\jackson-annotations-2.15.4.jar;D:\Program Files\maven\repository\com\fasterxml\jackson\core\jackson-core\2.15.4\jackson-core-2.15.4.jar;D:\Program Files\maven\repository\com\fasterxml\jackson\datatype\jackson-datatype-jdk8\2.15.4\jackson-datatype-jdk8-2.15.4.jar;D:\Program Files\maven\repository\com\fasterxml\jackson\datatype\jackson-datatype-jsr310\2.15.4\jackson-datatype-jsr310-2.15.4.jar;D:\Program Files\maven\repository\com\fasterxml\jackson\module\jackson-module-parameter-names\2.15.4\jackson-module-parameter-names-2.15.4.jar;D:\Program Files\maven\repository\org\springframework\boot\spring-boot-starter-tomcat\3.2.5\spring-boot-starter-tomcat-3.2.5.jar;D:\Program Files\maven\repository\org\apache\tomcat\embed\tomcat-embed-core\10.1.20\tomcat-embed-core-10.1.20.jar;D:\Program Files\maven\repository\org\apache\tomcat\embed\tomcat-embed-el\10.1.20\tomcat-embed-el-10.1.20.jar;D:\Program Files\maven\repository\org\apache\tomcat\embed\tomcat-embed-websocket\10.1.20\tomcat-embed-websocket-10.1.20.jar;D:\Program Files\maven\repository\org\springframework\spring-web\6.1.6\spring-web-6.1.6.jar;D:\Program Files\maven\repository\org\springframework\spring-beans\6.1.6\spring-beans-6.1.6.jar;D:\Program Files\maven\repository\io\micrometer\micrometer-observation\1.12.5\micrometer-observation-1.12.5.jar;D:\Program Files\maven\repository\io\micrometer\micrometer-commons\1.12.5\micrometer-commons-1.12.5.jar;D:\Program Files\maven\repository\org\springframework\spring-webmvc\6.1.6\spring-webmvc-6.1.6.jar;D:\Program Files\maven\repository\org\springframework\spring-aop\6.1.6\spring-aop-6.1.6.jar;D:\Program Files\maven\repository\org\springframework\spring-context\6.1.6\spring-context-6.1.6.jar;D:\Program Files\maven\repository\org\springframework\spring-expression\6.1.6\spring-expression-6.1.6.jar;D:\Program Files\maven\repository\com\mysql\mysql-connector-j\8.3.0\mysql-connector-j-8.3.0.jar;D:\Program Files\maven\repository\org\slf4j\slf4j-api\2.0.13\slf4j-api-2.0.13.jar;D:\Program Files\maven\repository\org\springframework\spring-core\6.1.6\spring-core-6.1.6.jar;D:\Program Files\maven\repository\org\springframework\spring-jcl\6.1.6\spring-jcl-6.1.6.jar;D:\Program Files\maven\repository\com\baomidou\mybatis-plus-boot-starter\3.4.2\mybatis-plus-boot-starter-3.4.2.jar;D:\Program Files\maven\repository\com\baomidou\mybatis-plus\3.4.2\mybatis-plus-3.4.2.jar;D:\Program Files\maven\repository\com\baomidou\mybatis-plus-extension\3.4.2\mybatis-plus-extension-3.4.2.jar;D:\Program Files\maven\repository\com\baomidou\mybatis-plus-core\3.4.2\mybatis-plus-core-3.4.2.jar;D:\Program Files\maven\repository\com\baomidou\mybatis-plus-annotation\3.4.2\mybatis-plus-annotation-3.4.2.jar;D:\Program Files\maven\repository\com\github\jsqlparser\jsqlparser\4.0\jsqlparser-4.0.jar;D:\Program Files\maven\repository\org\mybatis\mybatis\3.5.6\mybatis-3.5.6.jar;D:\Program Files\maven\repository\org\mybatis\mybatis-spring\2.0.5\mybatis-spring-2.0.5.jar;D:\Program Files\maven\repository\org\springframework\boot\spring-boot-autoconfigure\3.2.5\spring-boot-autoconfigure-3.2.5.jar;D:\Program Files\maven\repository\org\springframework\boot\spring-boot-starter-jdbc\3.2.5\spring-boot-starter-jdbc-3.2.5.jar;D:\Program Files\maven\repository\com\zaxxer\HikariCP\5.0.1\HikariCP-5.0.1.jar;D:\Program Files\maven\repository\org\springframework\spring-jdbc\6.1.6\spring-jdbc-6.1.6.jar;D:\Program Files\maven\repository\org\springframework\spring-tx\6.1.6\spring-tx-6.1.6.jar;D:\Program Files\maven\repository\org\projectlombok\lombok\1.18.22\lombok-1.18.22.jar;D:\Program Files\maven\repository\cn\hutool\hutool-all\5.8.20\hutool-all-5.8.20.jar
Launcher Type: SUN_STANDARD

[Global flags]
     intx CICompilerCount                          = 4                                         {product} {ergonomic}
     uint ConcGCThreads                            = 3                                         {product} {ergonomic}
     uint G1ConcRefinementThreads                  = 10                                        {product} {ergonomic}
   size_t G1HeapRegionSize                         = 2097152                                   {product} {ergonomic}
    uintx GCDrainStackTargetSize                   = 64                                        {product} {ergonomic}
   size_t InitialHeapSize                          = 266338304                                 {product} {ergonomic}
   size_t MarkStackSize                            = 4194304                                   {product} {ergonomic}
   size_t MaxHeapSize                              = 4248829952                                {product} {ergonomic}
   size_t MinHeapDeltaBytes                        = 2097152                                   {product} {ergonomic}
   size_t MinHeapSize                              = 8388608                                   {product} {ergonomic}
    uintx NonNMethodCodeHeapSize                   = 5839372                                {pd product} {ergonomic}
    uintx NonProfiledCodeHeapSize                  = 122909434                              {pd product} {ergonomic}
    uintx ProfiledCodeHeapSize                     = 122909434                              {pd product} {ergonomic}
    uintx ReservedCodeCacheSize                    = 251658240                              {pd product} {ergonomic}
     bool SegmentedCodeCache                       = true                                      {product} {ergonomic}
   size_t SoftMaxHeapSize                          = 4248829952                             {manageable} {ergonomic}
     bool UseCompressedClassPointers               = true                           {product lp64_product} {ergonomic}
     bool UseCompressedOops                        = true                           {product lp64_product} {ergonomic}
     bool UseG1GC                                  = true                                      {product} {ergonomic}
     bool UseLargePagesIndividualAllocation        = false                                  {pd product} {ergonomic}

Logging:
Log output configuration:
 #0: stdout all=warning uptime,level,tags foldmultilines=false
 #1: stderr all=off uptime,level,tags foldmultilines=false

Environment Variables:
JAVA_HOME=C:\Program Files\Java\jdk-1.8;C:\Program Files\Java\jdk-19
PATH=C:\Program Files\Common Files\Oracle\Java\javapath;C:\Program Files (x86)\Common Files\Oracle\Java\java8path;C:\Program Files (x86)\Common Files\Oracle\Java\javapath;C:\WINDOWS\system32;C:\WINDOWS;C:\WINDOWS\System32\Wbem;C:\WINDOWS\System32\WindowsPowerShell\v1.0\;C:\WINDOWS\System32\OpenSSH\;C:\Program Files\Java\jdk-1.8;C:\Program Files\Java\jdk-19\bin;D:\Program Files\git\Git\cmd;D:\Program Files\maven\apache-maven-3.9.5\bin;D:\Program Files\go1.21.3\go\bin;D:\Program Files\env;C:\Users\admin\AppData\Local\Microsoft\WindowsApps;;D:\Programs\Fiddler
USERNAME=admin
OS=Windows_NT
PROCESSOR_IDENTIFIER=Intel64 Family 6 Model 167 Stepping 1, GenuineIntel
TMP=C:\Users\admin\AppData\Local\Temp
TEMP=C:\Users\admin\AppData\Local\Temp



---------------  S Y S T E M  ---------------

OS:
 Windows 10 , 64 bit Build 19041 (10.0.19041.3636)
OS uptime: 4 days 1:14 hours

CPU: total 12 (initial active 12) (6 cores per cpu, 2 threads per core) family 6 model 167 stepping 1 microcode 0x3c, cx8, cmov, fxsr, ht, mmx, 3dnowpref, sse, sse2, sse3, ssse3, sse4.1, sse4.2, popcnt, lzcnt, tsc, tscinvbit, avx, avx2, aes, erms, clmul, bmi1, bmi2, adx, avx512f, avx512dq, avx512cd, avx512bw, avx512vl, sha, fma, vzeroupper, avx512_vpopcntdq, avx512_vpclmulqdq, avx512_vaes, avx512_vnni, clflush, clflushopt, avx512_vbmi2, avx512_vbmi, rdtscp, rdpid, fsrm, gfni, avx512_bitalg

Memory: 4k page, system-wide physical 16200M (2123M free)
TotalPageFile size 29000M (AvailPageFile size 194M)
current process WorkingSet (physical memory assigned to process): 11M, peak: 11M
current process commit charge ("private bytes"): 64M, peak: 318M

vm_info: Java HotSpot(TM) 64-Bit Server VM (19.0.2+7-44) for windows-amd64 JRE (19.0.2+7-44), built on 2022-11-30T18:02:09Z by "mach5one" with MS VC++ 17.1 (VS2022)

END.
